{"synthetic": false,
 "schemaVersion": "2025-09-10",
 "outputs":
 {"o": ["ce30c9bd89f84255.olean"],
  "i": "25eb26219538760a.ilean",
  "c": "4de3b48b74f3f15a.c"},
 "log":
 [{"message":
   ".> LEAN_PATH=/Users/moltbot/Desktop/erdos-experiments/EHP114/.lake/packages/Cli/.lake/build/lib/lean:/Users/moltbot/Desktop/erdos-experiments/EHP114/.lake/packages/batteries/.lake/build/lib/lean:/Users/moltbot/Desktop/erdos-experiments/EHP114/.lake/packages/Qq/.lake/build/lib/lean:/Users/moltbot/Desktop/erdos-experiments/EHP114/.lake/packages/aesop/.lake/build/lib/lean:/Users/moltbot/Desktop/erdos-experiments/EHP114/.lake/packages/proofwidgets/.lake/build/lib/lean:/Users/moltbot/Desktop/erdos-experiments/EHP114/.lake/packages/importGraph/.lake/build/lib/lean:/Users/moltbot/Desktop/erdos-experiments/EHP114/.lake/packages/LeanSearchClient/.lake/build/lib/lean:/Users/moltbot/Desktop/erdos-experiments/EHP114/.lake/packages/plausible/.lake/build/lib/lean:/Users/moltbot/Desktop/erdos-experiments/EHP114/.lake/packages/mathlib/.lake/build/lib/lean:/Users/moltbot/Desktop/erdos-experiments/EHP114/.lake/packages/leancert/.lake/build/lib/lean:/Users/moltbot/Desktop/erdos-experiments/EHP114/.lake/build/lib/lean /Users/moltbot/.elan/toolchains/leanprover--lean4---v4.28.0/bin/lean /Users/moltbot/Desktop/erdos-experiments/EHP114/EHP114.lean -o /Users/moltbot/Desktop/erdos-experiments/EHP114/.lake/build/lib/lean/EHP114.olean -i /Users/moltbot/Desktop/erdos-experiments/EHP114/.lake/build/lib/lean/EHP114.ilean -c /Users/moltbot/Desktop/erdos-experiments/EHP114/.lake/build/ir/EHP114.c --setup /Users/moltbot/Desktop/erdos-experiments/EHP114/.lake/build/ir/EHP114.setup.json --json",
   "level": "trace"}],
 "inputs":
 [["EHP114:deps",
   [["deps",
     [["EHP114/EHP114:extraDep", [["@EHP114:extraDep", "00000000000006bb"]]],
      ["imports",
       [["LeanCert transitive imports (legacy)", "a63e3a0086f4e10c"],
        ["LeanCert:importAllArts", "fa64a26800c51b51"],
        ["LeanCert.Tactic.IntervalAuto transitive imports (legacy)",
         "2f763156818cf597"],
        ["LeanCert.Tactic.IntervalAuto:importAllArts", "48c657cbf4000ff9"]]]]],
    ["libs",
     [["import dynlibs", "00000000000006bb"],
      ["package external libraries", "00000000000006bb"],
      ["module dynlibs", "00000000000006bb"],
      ["module plugins", "00000000000006bb"]]]]],
  ["Lean 4.28.0, commit 7e01a1bf5c70fc6167d49c345d3bf80596e9a79b",
   "a96bc04a2e5e9630"],
  ["/Users/moltbot/Desktop/erdos-experiments/EHP114/EHP114.lean",
   "32732b7f4fb7b047"],
  ["options", [["-DautoImplicit=false", "4a85acb881fd49d0"]]],
  ["Module.leanArgs: #[]", "00000000000006bb"]],
 "depHash": "a298e8f21ca32ee8"}